<?xml version="1.0" encoding="UTF-8"?>
<!-- Generated by org.testng.reporters.JUnitReportReporter -->
<testsuite hostname="SHASH" failures="0" tests="1" name="claims.Verify_Claims_Option_Provided_In_Left_NavBar_In_RMS" time="29.326" errors="0" timestamp="2023-12-12T11:20:36 IST" skipped="0">
  <testcase classname="claims.Verify_Claims_Option_Provided_In_Left_NavBar_In_RMS" name="claimsOption" time="29.326"/>
  <system-out/>
</testsuite> <!-- claims.Verify_Claims_Option_Provided_In_Left_NavBar_In_RMS -->
