<?xml version="1.0" encoding="UTF-8"?>
<!-- Generated by org.testng.reporters.JUnitReportReporter -->
<testsuite hostname="SHASH" failures="0" tests="1" name="Verify_Medical_Device_Incident" time="18.841" errors="0" timestamp="2023-11-09T11:46:24 IST" skipped="0">
  <testcase classname="Verify_Medical_Device_Incident" name="mdrOption" time="18.841"/>
  <system-out/>
</testsuite> <!-- Verify_Medical_Device_Incident -->
