<?xml version="1.0" encoding="UTF-8"?>
<!-- Generated by org.testng.reporters.JUnitReportReporter -->
<testsuite hostname="SHASH" failures="0" tests="1" name="claims.Verify_Claims_Option_Provided_In_Left_NavBar_In_RMS" time="20.864" errors="0" timestamp="2023-12-14T12:29:03 IST" skipped="0">
  <testcase classname="claims.Verify_Claims_Option_Provided_In_Left_NavBar_In_RMS" name="claimsOption" time="20.864"/>
  <system-out/>
</testsuite> <!-- claims.Verify_Claims_Option_Provided_In_Left_NavBar_In_RMS -->
