<?xml version="1.0" encoding="UTF-8"?>
<!-- Generated by org.testng.reporters.JUnitReportReporter -->
<testsuite hostname="SHASH" failures="0" tests="1" name="Verify_Claims_Option_Provided_In_Left_NavBar_In_RMS" time="16.024" errors="0" timestamp="2023-11-15T12:32:26 IST" skipped="0">
  <testcase classname="Verify_Claims_Option_Provided_In_Left_NavBar_In_RMS" name="claimsOption" time="16.024"/>
  <system-out/>
</testsuite> <!-- Verify_Claims_Option_Provided_In_Left_NavBar_In_RMS -->
