<?xml version="1.0" encoding="UTF-8"?>
<!-- Generated by org.testng.reporters.JUnitReportReporter -->
<testsuite hostname="SHASH" failures="0" tests="1" name="Test1" time="6.817" errors="0" timestamp="2023-11-29T18:23:33 IST" skipped="0">
  <testcase classname="Test1" name="submittingaEEOCForm" time="6.817"/>
  <system-out>
    <![CDATA[File Choosen button is provided for Add Expense/Settlement popup for EEOC Claim]]>
  </system-out>
</testsuite> <!-- Test1 -->
